  BouncyPlat.cpp
  Character.cpp
  ContactListener.cpp
  Door.cpp
c:\users\tia-a\documents\oop2.2\student pack\cwstarter\cwstarter\src\door.cpp(46): warning C4244: 'argument': conversion from 'double' to 'T', possible loss of data
          with
          [
              T=float
          ]
c:\users\tia-a\documents\oop2.2\student pack\cwstarter\cwstarter\src\door.cpp(140): warning C4553: '==': result of expression not used; did you intend '='?
  DoorSensor.cpp
  Enemy.cpp
c:\users\tia-a\documents\oop2.2\student pack\cwstarter\cwstarter\src\enemy.cpp(14): warning C4244: '=': conversion from 'double' to 'float32', possible loss of data
c:\users\tia-a\documents\oop2.2\student pack\cwstarter\cwstarter\src\enemy.cpp(15): warning C4244: '=': conversion from 'double' to 'float32', possible loss of data
c:\users\tia-a\documents\oop2.2\student pack\cwstarter\cwstarter\src\enemy.cpp(143): warning C4244: 'argument': conversion from 'double' to 'T', possible loss of data
          with
          [
              T=float
          ]
  Floor.cpp
  Game.cpp
c:\users\tia-a\documents\oop2.2\student pack\cwstarter\cwstarter\src\game.cpp(66): warning C4244: 'argument': conversion from 'double' to 'float', possible loss of data
c:\users\tia-a\documents\oop2.2\student pack\cwstarter\cwstarter\src\game.cpp(73): warning C4244: 'argument': conversion from 'double' to 'float', possible loss of data
  HUD.cpp
  Hazard.cpp
  HomeSensor.cpp
  Lvl1.cpp
c:\users\tia-a\documents\oop2.2\student pack\cwstarter\cwstarter\src\lvl1.cpp(162): warning C4305: 'argument': truncation from 'double' to 'T'
          with
          [
              T=float
          ]
c:\users\tia-a\documents\oop2.2\student pack\cwstarter\cwstarter\src\lvl1.cpp(197): warning C4305: 'argument': truncation from 'double' to 'T'
          with
          [
              T=float
          ]
c:\users\tia-a\documents\oop2.2\student pack\cwstarter\cwstarter\src\lvl1.cpp(204): warning C4305: 'argument': truncation from 'double' to 'T'
          with
          [
              T=float
          ]
  MovableObj.cpp
  MovingPlat.cpp
  NormPlat.cpp
  OneWayPlat.cpp
  PickUp.cpp
  Platform.cpp
  Player.cpp
  SFMLDebugDraw.cpp
c:\users\tia-a\documents\oop2.2\student pack\cwstarter\cwstarter\src\sfmldebugdraw.cpp(21): warning C4244: 'argument': conversion from 'const float32' to 'sf::Uint8', possible loss of data
c:\users\tia-a\documents\oop2.2\student pack\cwstarter\cwstarter\src\sfmldebugdraw.cpp(30): warning C4244: 'argument': conversion from 'const float32' to 'sf::Uint8', possible loss of data
c:\users\tia-a\documents\oop2.2\student pack\cwstarter\cwstarter\src\sfmldebugdraw.cpp(40): warning C4244: 'argument': conversion from 'const float32' to 'sf::Uint8', possible loss of data
c:\users\tia-a\documents\oop2.2\student pack\cwstarter\cwstarter\src\sfmldebugdraw.cpp(48): warning C4244: 'argument': conversion from 'float' to 'size_t', possible loss of data
c:\users\tia-a\documents\oop2.2\student pack\cwstarter\cwstarter\src\sfmldebugdraw.cpp(57): warning C4244: 'argument': conversion from 'const float32' to 'sf::Uint8', possible loss of data
c:\users\tia-a\documents\oop2.2\student pack\cwstarter\cwstarter\src\sfmldebugdraw.cpp(65): warning C4244: 'argument': conversion from 'float' to 'size_t', possible loss of data
c:\users\tia-a\documents\oop2.2\student pack\cwstarter\cwstarter\src\sfmldebugdraw.cpp(70): warning C4244: 'argument': conversion from 'const float32' to 'sf::Uint8', possible loss of data
c:\users\tia-a\documents\oop2.2\student pack\cwstarter\cwstarter\src\sfmldebugdraw.cpp(75): warning C4244: 'argument': conversion from 'const float32' to 'sf::Uint8', possible loss of data
c:\users\tia-a\documents\oop2.2\student pack\cwstarter\cwstarter\src\sfmldebugdraw.cpp(90): warning C4244: 'argument': conversion from 'const float32' to 'sf::Uint8', possible loss of data
c:\users\tia-a\documents\oop2.2\student pack\cwstarter\cwstarter\src\sfmldebugdraw.cpp(91): warning C4244: 'argument': conversion from 'const float32' to 'sf::Uint8', possible loss of data
  Generating Code...
  Compiling...
  Sensor.cpp
  TexManager.cpp
  Texture.cpp
c:\users\tia-a\documents\oop2.2\student pack\cwstarter\cwstarter\src\texture.cpp(82): warning C4244: 'argument': conversion from 'double' to 'T', possible loss of data
          with
          [
              T=float
          ]
c:\users\tia-a\documents\oop2.2\student pack\cwstarter\cwstarter\src\texture.cpp(83): warning C4244: 'argument': conversion from 'int' to 'float', possible loss of data
c:\users\tia-a\documents\oop2.2\student pack\cwstarter\cwstarter\src\texture.cpp(89): warning C4244: 'argument': conversion from 'int' to 'float', possible loss of data
  main.cpp
  Generating Code...
  CWStarter.vcxproj -> C:\Users\Tia-A\Documents\OOP2.2\Student Pack\CWStarter\CWStarter\..\bin\CWStarter.exe
